#
# There is insufficient memory for the Java Runtime Environment to continue.
# Native memory allocation (mmap) failed to map 21495808 bytes for committing reserved memory.
# Possible reasons:
#   The system is out of physical RAM or swap space
#   In 32 bit mode, the process size limit was hit
# Possible solutions:
#   Reduce memory load on the system
#   Increase physical memory or swap space
#   Check if swap backing store is full
#   Use 64 bit Java on a 64 bit OS
#   Decrease Java heap size (-Xmx/-Xms)
#   Decrease number of Java threads
#   Decrease Java thread stack sizes (-Xss)
#   Set larger code cache with -XX:ReservedCodeCacheSize=
# This output file may be truncated or incomplete.
#
#  Out of Memory Error (os_linux.cpp:2627), pid=22197, tid=140473223726848
#
# JRE version:  (8.0_66-b17) (build )
# Java VM: Java HotSpot(TM) 64-Bit Server VM (25.66-b17 mixed mode linux-amd64 compressed oops)
# Core dump written. Default location: /home/lrochette/GitHub/EF-Utilities/src/core or core.22197
#

---------------  T H R E A D  ---------------

Current thread (0x00007fc27000a000):  JavaThread "Unknown thread" [_thread_in_vm, id=22202, stack(0x00007fc27889c000,0x00007fc27899d000)]

Stack: [0x00007fc27889c000,0x00007fc27899d000],  sp=0x00007fc27899b380,  free space=1020k
Native frames: (J=compiled Java code, j=interpreted, Vv=VM code, C=native code)
V  [libjvm.so+0xab9a1a]  VMError::report_and_die()+0x2ba
V  [libjvm.so+0x4f9e0b]  report_vm_out_of_memory(char const*, int, unsigned long, VMErrorType, char const*)+0x8b
V  [libjvm.so+0x91a8a3]  os::Linux::commit_memory_impl(char*, unsigned long, bool)+0x103
V  [libjvm.so+0x91adf9]  os::pd_commit_memory(char*, unsigned long, unsigned long, bool)+0x29
V  [libjvm.so+0x91510a]  os::commit_memory(char*, unsigned long, unsigned long, bool)+0x2a
V  [libjvm.so+0x9887a3]  PSVirtualSpace::expand_by(unsigned long)+0x53
V  [libjvm.so+0x989765]  PSYoungGen::initialize_virtual_space(ReservedSpace, unsigned long)+0x75
V  [libjvm.so+0x98a0ce]  PSYoungGen::initialize(ReservedSpace, unsigned long)+0x3e
V  [libjvm.so+0x2d8165]  AdjoiningGenerations::AdjoiningGenerations(ReservedSpace, GenerationSizer*, unsigned long)+0x345
V  [libjvm.so+0x93dbc6]  ParallelScavengeHeap::initialize()+0x1d6
V  [libjvm.so+0xa8224b]  Universe::initialize_heap()+0xfb
V  [libjvm.so+0xa825be]  universe_init()+0x3e
V  [libjvm.so+0x6388f5]  init_globals()+0x65
V  [libjvm.so+0xa667be]  Threads::create_vm(JavaVMInitArgs*, bool*)+0x23e
V  [libjvm.so+0x6cce14]  JNI_CreateJavaVM+0x74
C  [libjli.so+0x745e]  JavaMain+0x9e
C  [libpthread.so.0+0x7e9a]  start_thread+0xda


---------------  P R O C E S S  ---------------

Java Threads: ( => current thread )

Other Threads:

=>0x00007fc27000a000 (exited) JavaThread "Unknown thread" [_thread_in_vm, id=22202, stack(0x00007fc27889c000,0x00007fc27899d000)]

VM state:not at safepoint (not fully initialized)

VM Mutex/Monitor currently owned by a thread: None

GC Heap History (0 events):
No events

Deoptimization events (0 events):
No events

Internal exceptions (0 events):
No events

Events (0 events):
No events


Dynamic libraries:
00400000-00401000 r-xp 00000000 08:01 1180299                            /opt/electriccloud/electriccommander/jre/bin/java
00600000-00601000 rw-p 00000000 08:01 1180299                            /opt/electriccloud/electriccommander/jre/bin/java
016bb000-016dc000 rw-p 00000000 00:00 0                                  [heap]
c2200000-eb600000 ---p 00000000 00:00 0 
eca80000-100000000 ---p 00000000 00:00 0 
7fc261000000-7fc261270000 rwxp 00000000 00:00 0 
7fc261270000-7fc270000000 ---p 00000000 00:00 0 
7fc270000000-7fc270030000 rw-p 00000000 00:00 0 
7fc270030000-7fc274000000 ---p 00000000 00:00 0 
7fc275203000-7fc27548a000 rw-p 00000000 00:00 0 
7fc27548a000-7fc275679000 ---p 00000000 00:00 0 
7fc275679000-7fc275684000 rw-p 00000000 00:00 0 
7fc275684000-7fc275a3a000 ---p 00000000 00:00 0 
7fc275a3a000-7fc275a54000 r-xp 00000000 08:01 1180411                    /opt/electriccloud/electriccommander/jre/lib/amd64/libzip.so
7fc275a54000-7fc275c54000 ---p 0001a000 08:01 1180411                    /opt/electriccloud/electriccommander/jre/lib/amd64/libzip.so
7fc275c54000-7fc275c55000 rw-p 0001a000 08:01 1180411                    /opt/electriccloud/electriccommander/jre/lib/amd64/libzip.so
7fc275c55000-7fc275c61000 r-xp 00000000 08:01 684316                     /lib/x86_64-linux-gnu/libnss_files-2.15.so
7fc275c61000-7fc275e60000 ---p 0000c000 08:01 684316                     /lib/x86_64-linux-gnu/libnss_files-2.15.so
7fc275e60000-7fc275e61000 r--p 0000b000 08:01 684316                     /lib/x86_64-linux-gnu/libnss_files-2.15.so
7fc275e61000-7fc275e62000 rw-p 0000c000 08:01 684316                     /lib/x86_64-linux-gnu/libnss_files-2.15.so
7fc275e62000-7fc275e6c000 r-xp 00000000 08:01 684276                     /lib/x86_64-linux-gnu/libnss_nis-2.15.so
7fc275e6c000-7fc27606c000 ---p 0000a000 08:01 684276                     /lib/x86_64-linux-gnu/libnss_nis-2.15.so
7fc27606c000-7fc27606d000 r--p 0000a000 08:01 684276                     /lib/x86_64-linux-gnu/libnss_nis-2.15.so
7fc27606d000-7fc27606e000 rw-p 0000b000 08:01 684276                     /lib/x86_64-linux-gnu/libnss_nis-2.15.so
7fc27606e000-7fc276085000 r-xp 00000000 08:01 684352                     /lib/x86_64-linux-gnu/libnsl-2.15.so
7fc276085000-7fc276284000 ---p 00017000 08:01 684352                     /lib/x86_64-linux-gnu/libnsl-2.15.so
7fc276284000-7fc276285000 r--p 00016000 08:01 684352                     /lib/x86_64-linux-gnu/libnsl-2.15.so
7fc276285000-7fc276286000 rw-p 00017000 08:01 684352                     /lib/x86_64-linux-gnu/libnsl-2.15.so
7fc276286000-7fc276288000 rw-p 00000000 00:00 0 
7fc276288000-7fc276290000 r-xp 00000000 08:01 684356                     /lib/x86_64-linux-gnu/libnss_compat-2.15.so
7fc276290000-7fc27648f000 ---p 00008000 08:01 684356                     /lib/x86_64-linux-gnu/libnss_compat-2.15.so
7fc27648f000-7fc276490000 r--p 00007000 08:01 684356                     /lib/x86_64-linux-gnu/libnss_compat-2.15.so
7fc276490000-7fc276491000 rw-p 00008000 08:01 684356                     /lib/x86_64-linux-gnu/libnss_compat-2.15.so
7fc276491000-7fc2764bb000 r-xp 00000000 08:01 1180375                    /opt/electriccloud/electriccommander/jre/lib/amd64/libjava.so
7fc2764bb000-7fc2766bb000 ---p 0002a000 08:01 1180375                    /opt/electriccloud/electriccommander/jre/lib/amd64/libjava.so
7fc2766bb000-7fc2766bd000 rw-p 0002a000 08:01 1180375                    /opt/electriccloud/electriccommander/jre/lib/amd64/libjava.so
7fc2766bd000-7fc2766ca000 r-xp 00000000 08:01 1180410                    /opt/electriccloud/electriccommander/jre/lib/amd64/libverify.so
7fc2766ca000-7fc2768ca000 ---p 0000d000 08:01 1180410                    /opt/electriccloud/electriccommander/jre/lib/amd64/libverify.so
7fc2768ca000-7fc2768cc000 rw-p 0000d000 08:01 1180410                    /opt/electriccloud/electriccommander/jre/lib/amd64/libverify.so
7fc2768cc000-7fc2768d3000 r-xp 00000000 08:01 684324                     /lib/x86_64-linux-gnu/librt-2.15.so
7fc2768d3000-7fc276ad2000 ---p 00007000 08:01 684324                     /lib/x86_64-linux-gnu/librt-2.15.so
7fc276ad2000-7fc276ad3000 r--p 00006000 08:01 684324                     /lib/x86_64-linux-gnu/librt-2.15.so
7fc276ad3000-7fc276ad4000 rw-p 00007000 08:01 684324                     /lib/x86_64-linux-gnu/librt-2.15.so
7fc276ad4000-7fc276bcf000 r-xp 00000000 08:01 684304                     /lib/x86_64-linux-gnu/libm-2.15.so
7fc276bcf000-7fc276dce000 ---p 000fb000 08:01 684304                     /lib/x86_64-linux-gnu/libm-2.15.so
7fc276dce000-7fc276dcf000 r--p 000fa000 08:01 684304                     /lib/x86_64-linux-gnu/libm-2.15.so
7fc276dcf000-7fc276dd0000 rw-p 000fb000 08:01 684304                     /lib/x86_64-linux-gnu/libm-2.15.so
7fc276dd0000-7fc277a8e000 r-xp 00000000 08:01 1180416                    /opt/electriccloud/electriccommander/jre/lib/amd64/server/libjvm.so
7fc277a8e000-7fc277c8d000 ---p 00cbe000 08:01 1180416                    /opt/electriccloud/electriccommander/jre/lib/amd64/server/libjvm.so
7fc277c8d000-7fc277d66000 rw-p 00cbd000 08:01 1180416                    /opt/electriccloud/electriccommander/jre/lib/amd64/server/libjvm.so
7fc277d66000-7fc277daa000 rw-p 00000000 00:00 0 
7fc277daa000-7fc277f5e000 r-xp 00000000 08:01 684348                     /lib/x86_64-linux-gnu/libc-2.15.so
7fc277f5e000-7fc27815d000 ---p 001b4000 08:01 684348                     /lib/x86_64-linux-gnu/libc-2.15.so
7fc27815d000-7fc278161000 r--p 001b3000 08:01 684348                     /lib/x86_64-linux-gnu/libc-2.15.so
7fc278161000-7fc278163000 rw-p 001b7000 08:01 684348                     /lib/x86_64-linux-gnu/libc-2.15.so
7fc278163000-7fc278168000 rw-p 00000000 00:00 0 
7fc278168000-7fc27816a000 r-xp 00000000 08:01 684364                     /lib/x86_64-linux-gnu/libdl-2.15.so
7fc27816a000-7fc27836a000 ---p 00002000 08:01 684364                     /lib/x86_64-linux-gnu/libdl-2.15.so
7fc27836a000-7fc27836b000 r--p 00002000 08:01 684364                     /lib/x86_64-linux-gnu/libdl-2.15.so
7fc27836b000-7fc27836c000 rw-p 00003000 08:01 684364                     /lib/x86_64-linux-gnu/libdl-2.15.so
7fc27836c000-7fc278381000 r-xp 00000000 08:01 1180413                    /opt/electriccloud/electriccommander/jre/lib/amd64/jli/libjli.so
7fc278381000-7fc278581000 ---p 00015000 08:01 1180413                    /opt/electriccloud/electriccommander/jre/lib/amd64/jli/libjli.so
7fc278581000-7fc278582000 rw-p 00015000 08:01 1180413                    /opt/electriccloud/electriccommander/jre/lib/amd64/jli/libjli.so
7fc278582000-7fc27859a000 r-xp 00000000 08:01 684312                     /lib/x86_64-linux-gnu/libpthread-2.15.so
7fc27859a000-7fc278799000 ---p 00018000 08:01 684312                     /lib/x86_64-linux-gnu/libpthread-2.15.so
7fc278799000-7fc27879a000 r--p 00017000 08:01 684312                     /lib/x86_64-linux-gnu/libpthread-2.15.so
7fc27879a000-7fc27879b000 rw-p 00018000 08:01 684312                     /lib/x86_64-linux-gnu/libpthread-2.15.so
7fc27879b000-7fc27879f000 rw-p 00000000 00:00 0 
7fc27879f000-7fc2787c1000 r-xp 00000000 08:01 684320                     /lib/x86_64-linux-gnu/ld-2.15.so
7fc27889c000-7fc27889f000 ---p 00000000 00:00 0 
7fc27889f000-7fc2789a1000 rw-p 00000000 00:00 0 
7fc2789b4000-7fc2789b5000 rw-p 00000000 00:00 0 
7fc2789b5000-7fc2789bd000 rw-s 00000000 08:01 8828                       /tmp/hsperfdata_lrochette/22197
7fc2789bd000-7fc2789be000 rw-p 00000000 00:00 0 
7fc2789be000-7fc2789bf000 r--p 00000000 00:00 0 
7fc2789bf000-7fc2789c1000 rw-p 00000000 00:00 0 
7fc2789c1000-7fc2789c2000 r--p 00022000 08:01 684320                     /lib/x86_64-linux-gnu/ld-2.15.so
7fc2789c2000-7fc2789c4000 rw-p 00023000 08:01 684320                     /lib/x86_64-linux-gnu/ld-2.15.so
7ffed5f16000-7ffed5f37000 rw-p 00000000 00:00 0                          [stack]
7ffed5f65000-7ffed5f66000 r-xp 00000000 00:00 0                          [vdso]
ffffffffff600000-ffffffffff601000 r-xp 00000000 00:00 0                  [vsyscall]

VM Arguments:
jvm_args: -Dant.home=/opt/electriccloud/CommanderSDK/tools/ant -Dant.library.dir=/opt/electriccloud/CommanderSDK/tools/ant/lib 
java_command: org.apache.tools.ant.launch.Launcher -cp  build
java_class_path (initial): /opt/electriccloud/CommanderSDK/tools/ant/lib/ant-launcher.jar
Launcher Type: SUN_STANDARD

Environment Variables:
JAVA_HOME=/opt/electriccloud/electriccommander/jre
PATH=/usr/local/sbin:/usr/local/bin:/usr/sbin:/usr/bin:/sbin:/bin:/usr/games:/opt/electriccloud/electriccommander/bin
SHELL=/bin/bash

Signal Handlers:
SIGSEGV: [libjvm.so+0xaba2a0], sa_mask[0]=11111111011111111101111111111110, sa_flags=SA_RESTART|SA_SIGINFO
SIGBUS: [libjvm.so+0xaba2a0], sa_mask[0]=11111111011111111101111111111110, sa_flags=SA_RESTART|SA_SIGINFO
SIGFPE: [libjvm.so+0x917710], sa_mask[0]=11111111011111111101111111111110, sa_flags=SA_RESTART|SA_SIGINFO
SIGPIPE: [libjvm.so+0x917710], sa_mask[0]=11111111011111111101111111111110, sa_flags=SA_RESTART|SA_SIGINFO
SIGXFSZ: [libjvm.so+0x917710], sa_mask[0]=11111111011111111101111111111110, sa_flags=SA_RESTART|SA_SIGINFO
SIGILL: [libjvm.so+0x917710], sa_mask[0]=11111111011111111101111111111110, sa_flags=SA_RESTART|SA_SIGINFO
SIGUSR1: SIG_DFL, sa_mask[0]=00000000000000000000000000000000, sa_flags=none
SIGUSR2: [libjvm.so+0x918d40], sa_mask[0]=00000000000000000000000000000000, sa_flags=SA_RESTART|SA_SIGINFO
SIGHUP: SIG_DFL, sa_mask[0]=00000000000000000000000000000000, sa_flags=none
SIGINT: SIG_DFL, sa_mask[0]=00000000000000000000000000000000, sa_flags=none
SIGTERM: SIG_DFL, sa_mask[0]=00000000000000000000000000000000, sa_flags=none
SIGQUIT: SIG_DFL, sa_mask[0]=00000000000000000000000000000000, sa_flags=none


---------------  S Y S T E M  ---------------

OS:DISTRIB_ID=Ubuntu
DISTRIB_RELEASE=12.04
DISTRIB_CODENAME=precise
DISTRIB_DESCRIPTION="Ubuntu 12.04.5 LTS"

uname:Linux 3.2.0-95-generic #135-Ubuntu SMP Tue Nov 10 13:33:29 UTC 2015 x86_64
libc:glibc 2.15 NPTL 2.15 
rlimit: STACK 8192k, CORE infinity, NPROC 31449, NOFILE 4096, AS infinity
load average:1.64 0.90 0.63

/proc/meminfo:
MemTotal:        4049572 kB
MemFree:           89628 kB
Buffers:             632 kB
Cached:            25088 kB
SwapCached:            0 kB
Active:          3815872 kB
Inactive:          14744 kB
Active(anon):    3805708 kB
Inactive(anon):      696 kB
Active(file):      10164 kB
Inactive(file):    14048 kB
Unevictable:           0 kB
Mlocked:               0 kB
SwapTotal:             0 kB
SwapFree:              0 kB
Dirty:               728 kB
Writeback:             0 kB
AnonPages:       3805836 kB
Mapped:            14412 kB
Shmem:              1280 kB
Slab:              38880 kB
SReclaimable:      16200 kB
SUnreclaim:        22680 kB
KernelStack:        4880 kB
PageTables:        24428 kB
NFS_Unstable:          0 kB
Bounce:                0 kB
WritebackTmp:          0 kB
CommitLimit:     2024784 kB
Committed_AS:    4141932 kB
VmallocTotal:   34359738367 kB
VmallocUsed:       23240 kB
VmallocChunk:   34359712764 kB
HardwareCorrupted:     0 kB
AnonHugePages:         0 kB
HugePages_Total:       0
HugePages_Free:        0
HugePages_Rsvd:        0
HugePages_Surp:        0
Hugepagesize:       2048 kB
DirectMap4k:       57280 kB
DirectMap2M:     4136960 kB


CPU:total 4 (4 cores per cpu, 1 threads per core) family 6 model 70 stepping 1, cmov, cx8, fxsr, mmx, sse, sse2, sse3, ssse3, sse4.1, sse4.2, popcnt, avx, aes, clmul, lzcnt, tsc, tscinvbit

/proc/cpuinfo:
processor	: 0
vendor_id	: GenuineIntel
cpu family	: 6
model		: 70
model name	: Intel(R) Core(TM) i7-4850HQ CPU @ 2.30GHz
stepping	: 1
cpu MHz		: 2294.799
cache size	: 6144 KB
physical id	: 0
siblings	: 4
core id		: 0
cpu cores	: 4
apicid		: 0
initial apicid	: 0
fpu		: yes
fpu_exception	: yes
cpuid level	: 13
wp		: yes
flags		: fpu vme de pse tsc msr pae mce cx8 apic sep mtrr pge mca cmov pat pse36 clflush mmx fxsr sse sse2 ht syscall nx rdtscp lm constant_tsc rep_good nopl xtopology nonstop_tsc pni pclmulqdq ssse3 cx16 sse4_1 sse4_2 movbe popcnt aes xsave avx rdrand lahf_lm abm
bogomips	: 4589.59
clflush size	: 64
cache_alignment	: 64
address sizes	: 39 bits physical, 48 bits virtual
power management:

processor	: 1
vendor_id	: GenuineIntel
cpu family	: 6
model		: 70
model name	: Intel(R) Core(TM) i7-4850HQ CPU @ 2.30GHz
stepping	: 1
cpu MHz		: 2294.799
cache size	: 6144 KB
physical id	: 0
siblings	: 4
core id		: 1
cpu cores	: 4
apicid		: 1
initial apicid	: 1
fpu		: yes
fpu_exception	: yes
cpuid level	: 13
wp		: yes
flags		: fpu vme de pse tsc msr pae mce cx8 apic sep mtrr pge mca cmov pat pse36 clflush mmx fxsr sse sse2 ht syscall nx rdtscp lm constant_tsc rep_good nopl xtopology nonstop_tsc pni pclmulqdq ssse3 cx16 sse4_1 sse4_2 movbe popcnt aes xsave avx rdrand lahf_lm abm
bogomips	: 4546.69
clflush size	: 64
cache_alignment	: 64
address sizes	: 39 bits physical, 48 bits virtual
power management:

processor	: 2
vendor_id	: GenuineIntel
cpu family	: 6
model		: 70
model name	: Intel(R) Core(TM) i7-4850HQ CPU @ 2.30GHz
stepping	: 1
cpu MHz		: 2294.799
cache size	: 6144 KB
physical id	: 0
siblings	: 4
core id		: 2
cpu cores	: 4
apicid		: 2
initial apicid	: 2
fpu		: yes
fpu_exception	: yes
cpuid level	: 13
wp		: yes
flags		: fpu vme de pse tsc msr pae mce cx8 apic sep mtrr pge mca cmov pat pse36 clflush mmx fxsr sse sse2 ht syscall nx rdtscp lm constant_tsc rep_good nopl xtopology nonstop_tsc pni pclmulqdq ssse3 cx16 sse4_1 sse4_2 movbe popcnt aes xsave avx rdrand lahf_lm abm
bogomips	: 4538.78
clflush size	: 64
cache_alignment	: 64
address sizes	: 39 bits physical, 48 bits virtual
power management:

processor	: 3
vendor_id	: GenuineIntel
cpu family	: 6
model		: 70
model name	: Intel(R) Core(TM) i7-4850HQ CPU @ 2.30GHz
stepping	: 1
cpu MHz		: 2294.799
cache size	: 6144 KB
physical id	: 0
siblings	: 4
core id		: 3
cpu cores	: 4
apicid		: 3
initial apicid	: 3
fpu		: yes
fpu_exception	: yes
cpuid level	: 13
wp		: yes
flags		: fpu vme de pse tsc msr pae mce cx8 apic sep mtrr pge mca cmov pat pse36 clflush mmx fxsr sse sse2 ht syscall nx rdtscp lm constant_tsc rep_good nopl xtopology nonstop_tsc pni pclmulqdq ssse3 cx16 sse4_1 sse4_2 movbe popcnt aes xsave avx rdrand lahf_lm abm
bogomips	: 4545.26
clflush size	: 64
cache_alignment	: 64
address sizes	: 39 bits physical, 48 bits virtual
power management:



Memory: 4k page, physical 4049572k(89628k free), swap 0k(0k free)

vm_info: Java HotSpot(TM) 64-Bit Server VM (25.66-b17) for linux-amd64 JRE (1.8.0_66-b17), built on Oct  6 2015 17:28:34 by "java_re" with gcc 4.3.0 20080428 (Red Hat 4.3.0-8)

time: Mon Mar 28 06:24:37 2016
elapsed time: 0 seconds (0d 0h 0m 0s)

